This is pdfTeX, Version 3.14159265-2.6-1.40.16 (TeX Live 2015/Debian) (preloaded format=pdflatex 2018.4.15)  31 MAY 2018 21:43
entering extended mode
 restricted \write18 enabled.
 %&-line parsing enabled.
**ISreport.tex
(./ISreport.tex
LaTeX2e <2016/02/01>
Babel <3.9q> and hyphenation patterns for 81 language(s) loaded.
(/usr/share/texlive/texmf-dist/tex/latex/base/article.cls
Document Class: article 2014/09/29 v1.4h Standard LaTeX document class
(/usr/share/texlive/texmf-dist/tex/latex/base/size11.clo
File: size11.clo 2014/09/29 v1.4h Standard LaTeX file (size option)
)
\c@part=\count79
\c@section=\count80
\c@subsection=\count81
\c@subsubsection=\count82
\c@paragraph=\count83
\c@subparagraph=\count84
\c@figure=\count85
\c@table=\count86
\abovecaptionskip=\skip41
\belowcaptionskip=\skip42
\bibindent=\dimen102
)
(/usr/share/texlive/texmf-dist/tex/latex/hyperref/hyperref.sty
Package: hyperref 2012/11/06 v6.83m Hypertext links for LaTeX

(/usr/share/texlive/texmf-dist/tex/generic/oberdiek/hobsub-hyperref.sty
Package: hobsub-hyperref 2012/05/28 v1.13 Bundle oberdiek, subset hyperref (HO)


(/usr/share/texlive/texmf-dist/tex/generic/oberdiek/hobsub-generic.sty
Package: hobsub-generic 2012/05/28 v1.13 Bundle oberdiek, subset generic (HO)
Package: hobsub 2012/05/28 v1.13 Construct package bundles (HO)
Package: infwarerr 2010/04/08 v1.3 Providing info/warning/error messages (HO)
Package: ltxcmds 2011/11/09 v1.22 LaTeX kernel commands for general use (HO)
Package: ifluatex 2010/03/01 v1.3 Provides the ifluatex switch (HO)
Package ifluatex Info: LuaTeX not detected.
Package: ifvtex 2010/03/01 v1.5 Detect VTeX and its facilities (HO)
Package ifvtex Info: VTeX not detected.
Package: intcalc 2007/09/27 v1.1 Expandable calculations with integers (HO)
Package: ifpdf 2011/01/30 v2.3 Provides the ifpdf switch (HO)
Package ifpdf Info: pdfTeX in PDF mode is detected.
Package: etexcmds 2011/02/16 v1.5 Avoid name clashes with e-TeX commands (HO)
Package etexcmds Info: Could not find \expanded.
(etexcmds)             That can mean that you are not using pdfTeX 1.50 or
(etexcmds)             that some package has redefined \expanded.
(etexcmds)             In the latter case, load this package earlier.
Package: kvsetkeys 2012/04/25 v1.16 Key value parser (HO)
Package: kvdefinekeys 2011/04/07 v1.3 Define keys (HO)
Package: pdftexcmds 2011/11/29 v0.20 Utility functions of pdfTeX for LuaTeX (HO
)
Package pdftexcmds Info: LuaTeX not detected.
Package pdftexcmds Info: \pdf@primitive is available.
Package pdftexcmds Info: \pdf@ifprimitive is available.
Package pdftexcmds Info: \pdfdraftmode found.
Package: pdfescape 2011/11/25 v1.13 Implements pdfTeX's escape features (HO)
Package: bigintcalc 2012/04/08 v1.3 Expandable calculations on big integers (HO
)
Package: bitset 2011/01/30 v1.1 Handle bit-vector datatype (HO)
Package: uniquecounter 2011/01/30 v1.2 Provide unlimited unique counter (HO)
)
Package hobsub Info: Skipping package `hobsub' (already loaded).
Package: letltxmacro 2010/09/02 v1.4 Let assignment for LaTeX macros (HO)
Package: hopatch 2012/05/28 v1.2 Wrapper for package hooks (HO)
Package: xcolor-patch 2011/01/30 xcolor patch
Package: atveryend 2011/06/30 v1.8 Hooks at the very end of document (HO)
Package atveryend Info: \enddocument detected (standard20110627).
Package: atbegshi 2011/10/05 v1.16 At begin shipout hook (HO)
Package: refcount 2011/10/16 v3.4 Data extraction from label references (HO)
Package: hycolor 2011/01/30 v1.7 Color options for hyperref/bookmark (HO)
)
(/usr/share/texlive/texmf-dist/tex/latex/graphics/keyval.sty
Package: keyval 2014/10/28 v1.15 key=value parser (DPC)
\KV@toks@=\toks14
)
(/usr/share/texlive/texmf-dist/tex/generic/ifxetex/ifxetex.sty
Package: ifxetex 2010/09/12 v0.6 Provides ifxetex conditional
)
(/usr/share/texlive/texmf-dist/tex/latex/oberdiek/auxhook.sty
Package: auxhook 2011/03/04 v1.3 Hooks for auxiliary files (HO)
)
(/usr/share/texlive/texmf-dist/tex/latex/oberdiek/kvoptions.sty
Package: kvoptions 2011/06/30 v3.11 Key value format for package options (HO)
)
\@linkdim=\dimen103
\Hy@linkcounter=\count87
\Hy@pagecounter=\count88

(/usr/share/texlive/texmf-dist/tex/latex/hyperref/pd1enc.def
File: pd1enc.def 2012/11/06 v6.83m Hyperref: PDFDocEncoding definition (HO)
)
\Hy@SavedSpaceFactor=\count89

(/usr/share/texlive/texmf-dist/tex/latex/latexconfig/hyperref.cfg
File: hyperref.cfg 2002/06/06 v1.2 hyperref configuration of TeXLive
)
Package hyperref Info: Hyper figures OFF on input line 4443.
Package hyperref Info: Link nesting OFF on input line 4448.
Package hyperref Info: Hyper index ON on input line 4451.
Package hyperref Info: Plain pages OFF on input line 4458.
Package hyperref Info: Backreferencing OFF on input line 4463.
Package hyperref Info: Implicit mode ON; LaTeX internals redefined.
Package hyperref Info: Bookmarks ON on input line 4688.
\c@Hy@tempcnt=\count90

(/usr/share/texlive/texmf-dist/tex/latex/url/url.sty
\Urlmuskip=\muskip10
Package: url 2013/09/16  ver 3.4  Verb mode for urls, etc.
)
LaTeX Info: Redefining \url on input line 5041.
\XeTeXLinkMargin=\dimen104
\Fld@menulength=\count91
\Field@Width=\dimen105
\Fld@charsize=\dimen106
Package hyperref Info: Hyper figures OFF on input line 6295.
Package hyperref Info: Link nesting OFF on input line 6300.
Package hyperref Info: Hyper index ON on input line 6303.
Package hyperref Info: backreferencing OFF on input line 6310.
Package hyperref Info: Link coloring OFF on input line 6315.
Package hyperref Info: Link coloring with OCG OFF on input line 6320.
Package hyperref Info: PDF/A mode OFF on input line 6325.
LaTeX Info: Redefining \ref on input line 6365.
LaTeX Info: Redefining \pageref on input line 6369.
\Hy@abspage=\count92
\c@Item=\count93
\c@Hfootnote=\count94
)

Package hyperref Message: Driver (autodetected): hpdftex.

(/usr/share/texlive/texmf-dist/tex/latex/hyperref/hpdftex.def
File: hpdftex.def 2012/11/06 v6.83m Hyperref driver for pdfTeX
\Fld@listcount=\count95
\c@bookmark@seq@number=\count96

(/usr/share/texlive/texmf-dist/tex/latex/oberdiek/rerunfilecheck.sty
Package: rerunfilecheck 2011/04/15 v1.7 Rerun checks for auxiliary files (HO)
Package uniquecounter Info: New unique counter `rerunfilecheck' on input line 2
82.
)
\Hy@SectionHShift=\skip43
)
(/usr/share/texlive/texmf-dist/tex/latex/graphics/graphicx.sty
Package: graphicx 2014/10/28 v1.0g Enhanced LaTeX Graphics (DPC,SPQR)

(/usr/share/texlive/texmf-dist/tex/latex/graphics/graphics.sty
Package: graphics 2016/01/03 v1.0q Standard LaTeX Graphics (DPC,SPQR)

(/usr/share/texlive/texmf-dist/tex/latex/graphics/trig.sty
Package: trig 2016/01/03 v1.10 sin cos tan (DPC)
)
(/usr/share/texlive/texmf-dist/tex/latex/latexconfig/graphics.cfg
File: graphics.cfg 2010/04/23 v1.9 graphics configuration of TeX Live
)
Package graphics Info: Driver file: pdftex.def on input line 95.

(/usr/share/texlive/texmf-dist/tex/latex/pdftex-def/pdftex.def
File: pdftex.def 2011/05/27 v0.06d Graphics/color for pdfTeX
\Gread@gobject=\count97
))
\Gin@req@height=\dimen107
\Gin@req@width=\dimen108
)
(/usr/share/texlive/texmf-dist/tex/latex/underscore/underscore.sty
Package: underscore 2006/09/13
LaTeX Info: Redefining \_ on input line 42.
)
(/usr/share/texlive/texmf-dist/tex/latex/float/float.sty
Package: float 2001/11/08 v1.3d Float enhancements (AL)
\c@float@type=\count98
\float@exts=\toks15
\float@box=\box26
\@float@everytoks=\toks16
\@floatcapt=\box27
) (./ISreport.aux)
\openout1 = `ISreport.aux'.

LaTeX Font Info:    Checking defaults for OML/cmm/m/it on input line 13.
LaTeX Font Info:    ... okay on input line 13.
LaTeX Font Info:    Checking defaults for T1/cmr/m/n on input line 13.
LaTeX Font Info:    ... okay on input line 13.
LaTeX Font Info:    Checking defaults for OT1/cmr/m/n on input line 13.
LaTeX Font Info:    ... okay on input line 13.
LaTeX Font Info:    Checking defaults for OMS/cmsy/m/n on input line 13.
LaTeX Font Info:    ... okay on input line 13.
LaTeX Font Info:    Checking defaults for OMX/cmex/m/n on input line 13.
LaTeX Font Info:    ... okay on input line 13.
LaTeX Font Info:    Checking defaults for U/cmr/m/n on input line 13.
LaTeX Font Info:    ... okay on input line 13.
LaTeX Font Info:    Checking defaults for PD1/pdf/m/n on input line 13.
LaTeX Font Info:    ... okay on input line 13.
\AtBeginShipoutBox=\box28
Package hyperref Info: Link coloring OFF on input line 13.

(/usr/share/texlive/texmf-dist/tex/latex/hyperref/nameref.sty
Package: nameref 2012/10/27 v2.43 Cross-referencing by name of section

(/usr/share/texlive/texmf-dist/tex/generic/oberdiek/gettitlestring.sty
Package: gettitlestring 2010/12/03 v1.4 Cleanup title references (HO)
)
\c@section@level=\count99
)
LaTeX Info: Redefining \ref on input line 13.
LaTeX Info: Redefining \pageref on input line 13.
LaTeX Info: Redefining \nameref on input line 13.

(./ISreport.out) (./ISreport.out)
\@outlinefile=\write3
\openout3 = `ISreport.out'.


(/usr/share/texlive/texmf-dist/tex/context/base/supp-pdf.mkii
[Loading MPS to PDF converter (version 2006.09.02).]
\scratchcounter=\count100
\scratchdimen=\dimen109
\scratchbox=\box29
\nofMPsegments=\count101
\nofMParguments=\count102
\everyMPshowfont=\toks17
\MPscratchCnt=\count103
\MPscratchDim=\dimen110
\MPnumerator=\count104
\makeMPintoPDFobject=\count105
\everyMPtoPDFconversion=\toks18
) (/usr/share/texlive/texmf-dist/tex/latex/oberdiek/epstopdf-base.sty
Package: epstopdf-base 2010/02/09 v2.5 Base part for package epstopdf

(/usr/share/texlive/texmf-dist/tex/latex/oberdiek/grfext.sty
Package: grfext 2010/08/19 v1.1 Manage graphics extensions (HO)
)
Package grfext Info: Graphics extension search list:
(grfext)             [.png,.pdf,.jpg,.mps,.jpeg,.jbig2,.jb2,.PNG,.PDF,.JPG,.JPE
G,.JBIG2,.JB2,.eps]
(grfext)             \AppendGraphicsExtensions on input line 452.

(/usr/share/texlive/texmf-dist/tex/latex/latexconfig/epstopdf-sys.cfg
File: epstopdf-sys.cfg 2010/07/13 v1.3 Configuration of (r)epstopdf for TeX Liv
e
))
LaTeX Font Info:    External font `cmex10' loaded for size
(Font)              <12> on input line 15.
LaTeX Font Info:    External font `cmex10' loaded for size
(Font)              <8> on input line 15.
LaTeX Font Info:    External font `cmex10' loaded for size
(Font)              <6> on input line 15.

(./ISreport.toc
LaTeX Font Info:    External font `cmex10' loaded for size
(Font)              <10.95> on input line 2.
)
\tf@toc=\write4
\openout4 = `ISreport.toc'.

 [1

{/var/lib/texmf/fonts/map/pdftex/updmap/pdftex.map}]
Overfull \hbox (49.10892pt too wide) in paragraph at lines 28--29
[]\OT1/cmr/m/n/10.95 curl -O []$\OT1/cmtt/m/n/10.95 https : / / repo . continuu
m . io / archive / Anaconda3-[]5 . 0 . 1-[]Linux-[]x86 _
 []

Missing character: There is no â in font cmr10!
Missing character: There is no € in font cmr10!
Missing character: There is no ™ in font cmr10!
Missing character: There is no â in font cmr10!
Missing character: There is no € in font cmr10!
Missing character: There is no ™ in font cmr10!
Missing character: There is no â in font cmr10!
Missing character: There is no € in font cmr10!
Missing character: There is no ‹ in font cmr10!
Missing character: There is no â in font cmr10!
Missing character: There is no € in font cmr10!
Missing character: There is no ™ in font cmr10!
Missing character: There is no â in font cmr10!
Missing character: There is no € in font cmr10!
Missing character: There is no ™ in font cmr10!
Missing character: There is no â in font cmr10!
Missing character: There is no € in font cmr10!
Missing character: There is no ™ in font cmr10!
Missing character: There is no â in font cmr10!
Missing character: There is no € in font cmr10!
Missing character: There is no ‹ in font cmr10!
[2]
Overfull \hbox (1.7458pt too wide) in paragraph at lines 67--68
\OT1/cmr/m/n/10.95 To in-stall the Ten-sor-flow frame-work with ana-conda the f
ol-low-ing steps should
 []

<tensorflowPopularity.jpeg, id=129, 803.0pt x 538.01pt>
File: tensorflowPopularity.jpeg Graphic file (type jpg)

<use tensorflowPopularity.jpeg>
Package pdftex.def Info: tensorflowPopularity.jpeg used on input line 82.
(pdftex.def)             Requested size: 360.0pt x 241.20744pt.
 [3]
Missing character: There is no â in font cmr10!
Missing character: There is no € in font cmr10!
Missing character: There is no ™ in font cmr10!

<performanceComparison.jpg, id=145, 640.3925pt x 480.79625pt>
File: performanceComparison.jpg Graphic file (type jpg)

<use performanceComparison.jpg>
Package pdftex.def Info: performanceComparison.jpg used on input line 92.
(pdftex.def)             Requested size: 360.0pt x 270.28581pt.
 [4pdfTeX warning (ext4): destination with the same identifier (name{figure.1})
 has been already used, duplicate ignored

\AtBegShi@Output ...ipout \box \AtBeginShipoutBox 
                                                  \fi \fi 
l.95 	T
       herefore, 2 datasets have been considered for our application: The CI...
 <./tensorflowPopularity.jpeg>] <convo.png, id=154, 354.32375pt x 143.53625pt>
File: convo.png Graphic file (type png)

<use convo.png>
Package pdftex.def Info: convo.png used on input line 109.
(pdftex.def)             Requested size: 360.0pt x 145.83777pt.
 [5pdfTeX warning (ext4): destination with the same identifier (name{figure.2})
 has been already used, duplicate ignored

\AtBegShi@Output ...ipout \box \AtBeginShipoutBox 
                                                  \fi \fi 
l.112 
       <./performanceComparison.jpg>]
<relu.png, id=162, 269.005pt x 233.87375pt>
File: relu.png Graphic file (type png)
 <use relu.png>
Package pdftex.def Info: relu.png used on input line 124.
(pdftex.def)             Requested size: 180.0pt x 156.49474pt.
 [6pdfTeX warning (ext4): destination with the same identifier (name{figure.3})
 has been already used, duplicate ignored

\AtBegShi@Output ...ipout \box \AtBeginShipoutBox 
                                                  \fi \fi 
l.139 
      pdfTeX warning (ext4): destination with the same identifier (name{figure.
4}) has been already used, duplicate ignored

\AtBegShi@Output ...ipout \box \AtBeginShipoutBox 
                                                  \fi \fi 
l.139 
       <./convo.png> <./relu.png>]
<degradation.jpg, id=172, 640.3925pt x 480.79625pt>
File: degradation.jpg Graphic file (type jpg)
 <use degradation.jpg>
Package pdftex.def Info: degradation.jpg used on input line 143.
(pdftex.def)             Requested size: 360.0pt x 270.28581pt.
Missing character: There is no â in font cmr10!
Missing character: There is no ˆ in font cmr10!
Missing character: There is no ’ in font cmr10!

Overfull \hbox (19.08353pt too wide) in paragraph at lines 147--151
\OT1/cmr/m/n/10.95 non-lin-ear lay-ers, so they can also fit an an-other un-der
-ly-ing map-ping F(x)=H(x)x.
 []

[7pdfTeX warning (ext4): destination with the same identifier (name{figure.5}) 
has been already used, duplicate ignored

\AtBegShi@Output ...ipout \box \AtBeginShipoutBox 
                                                  \fi \fi 
l.151 
       <./degradation.jpg>] <resnet.png, id=180, 521.95pt x 271.0125pt>
File: resnet.png Graphic file (type png)

<use resnet.png>
Package pdftex.def Info: resnet.png used on input line 153.
(pdftex.def)             Requested size: 360.0pt x 186.92438pt.
Missing character: There is no Ï in font cmr10!
Missing character: There is no ƒ in font cmr10!
Missing character: There is no Ï in font cmr10!
Missing character: There is no ƒ in font cmr10!
Missing character: There is no Ï in font cmr10!
Missing character: There is no ƒ in font cmr10!
Missing character: There is no Ï in font cmr10!
Missing character: There is no ƒ in font cmr10!
Missing character: There is no Ï in font cmr10!
Missing character: There is no ƒ in font cmr10!
 <resnetError.png, id=183, 383.4325pt x 239.89626pt>
File: resnetError.png Graphic file (type png)

<use resnetError.png>
Package pdftex.def Info: resnetError.png used on input line 169.
(pdftex.def)             Requested size: 360.0pt x 225.24992pt.
 [8pdfTeX warning (ext4): destination with the same identifier (name{figure.6})
 has been already used, duplicate ignored

\AtBegShi@Output ...ipout \box \AtBeginShipoutBox 
                                                  \fi \fi 
l.171 	 \end{figure}
                     <./resnet.png>]
<signs.png, id=190, 677.53125pt x 349.305pt>
File: signs.png Graphic file (type png)
 <use signs.png>
Package pdftex.def Info: signs.png used on input line 177.
(pdftex.def)             Requested size: 360.0pt x 185.60513pt.
 [9pdfTeX warning (ext4): destination with the same identifier (name{figure.7})
 has been already used, duplicate ignored

\AtBegShi@Output ...ipout \box \AtBeginShipoutBox 
                                                  \fi \fi 
l.180 
       <./resnetError.png>] <resnet50.png, id=196, 700.6175pt x 142.5325pt>
File: resnet50.png Graphic file (type png)

<use resnet50.png>
Package pdftex.def Info: resnet50.png used on input line 183.
(pdftex.def)             Requested size: 360.0pt x 73.23866pt.
 <resnet50Acc.png, id=197, 420.57124pt x 122.4575pt>
File: resnet50Acc.png Graphic file (type png)

<use resnet50Acc.png>
Package pdftex.def Info: resnet50Acc.png used on input line 188.
(pdftex.def)             Requested size: 360.0pt x 104.82182pt.
 [10pdfTeX warning (ext4): destination with the same identifier (name{figure.8}
) has been already used, duplicate ignored

\AtBegShi@Output ...ipout \box \AtBeginShipoutBox 
                                                  \fi \fi 
l.192  \newpage
               pdfTeX warning (ext4): destination with the same identifier (nam
e{figure.9}) has been already used, duplicate ignored

\AtBegShi@Output ...ipout \box \AtBeginShipoutBox 
                                                  \fi \fi 
l.192  \newpage
               pdfTeX warning (ext4): destination with the same identifier (nam
e{figure.10}) has been already used, duplicate ignored

\AtBegShi@Output ...ipout \box \AtBeginShipoutBox 
                                                  \fi \fi 
l.192  \newpage
                <./signs.png> <./resnet50.png> <./resnet50Acc.png>]
LaTeX Font Info:    Try loading font information for OMS+cmr on input line 199.


(/usr/share/texlive/texmf-dist/tex/latex/base/omscmr.fd
File: omscmr.fd 2014/09/29 v2.5h Standard LaTeX font definitions
)
LaTeX Font Info:    Font shape `OMS/cmr/m/n' in size <10.95> not available
(Font)              Font shape `OMS/cmsy/m/n' tried instead on input line 199.

Overfull \hbox (35.65437pt too wide) in paragraph at lines 206--207
[]\OT1/cmr/m/n/10.95 A beta ver-sion of the sys-tem can be checked at []$\OT1/c
mtt/m/n/10.95 http : / / iftp . avramiancuturda .
 []


Underfull \hbox (badness 10000) in paragraph at lines 211--218

 []

Missing character: There is no â in font cmr10!
Missing character: There is no € in font cmr10!
Missing character: There is no ™ in font cmr10!
Missing character: There is no â in font cmr10!
Missing character: There is no € in font cmr10!
Missing character: There is no ™ in font cmr10!
[11]
Overfull \hbox (117.20996pt too wide) in paragraph at lines 236--247
 [][]  
 []

<modelabove.png, id=218, 446.66875pt x 763.85374pt>
File: modelabove.png Graphic file (type png)
 <use modelabove.png>
Package pdftex.def Info: modelabove.png used on input line 251.
(pdftex.def)             Requested size: 126.7771pt x 216.81pt.

<blockarchitecture.png, id=219, 511.9125pt x 594.22pt>
File: blockarchitecture.png Graphic file (type png)

<use blockarchitecture.png>
Package pdftex.def Info: blockarchitecture.png used on input line 257.
(pdftex.def)             Requested size: 186.7801pt x 216.81pt.
 [12pdfTeX warning (ext4): destination with the same identifier (name{table.1})
 has been already used, duplicate ignored

\AtBegShi@Output ...ipout \box \AtBeginShipoutBox 
                                                  \fi \fi 
l.260 
      pdfTeX warning (ext4): destination with the same identifier (name{figure.
11}) has been already used, duplicate ignored

\AtBegShi@Output ...ipout \box \AtBeginShipoutBox 
                                                  \fi \fi 
l.260 
       <./modelabove.png>] <resnetunit.png, id=226, 635.37375pt x 739.76375pt>
File: resnetunit.png Graphic file (type png)

<use resnetunit.png>
Package pdftex.def Info: resnetunit.png used on input line 264.
(pdftex.def)             Requested size: 186.21205pt x 216.81pt.

Underfull \hbox (badness 10000) in paragraph at lines 268--270

 []

[13pdfTeX warning (ext4): destination with the same identifier (name{figure.12}
) has been already used, duplicate ignored

\AtBegShi@Output ...ipout \box \AtBeginShipoutBox 
                                                  \fi \fi 
l.270 
      pdfTeX warning (ext4): destination with the same identifier (name{figure.
13}) has been already used, duplicate ignored

\AtBegShi@Output ...ipout \box \AtBeginShipoutBox 
                                                  \fi \fi 
l.270 
       <./blockarchitecture.png> <./resnetunit.png>]
<multiclass.png, id=234, 358.33875pt x 289.83281pt>
File: multiclass.png Graphic file (type png)
 <use multiclass.png>
Package pdftex.def Info: multiclass.png used on input line 274.
(pdftex.def)             Requested size: 268.05899pt x 216.81pt.

<loss.png, id=235, 451.6875pt x 253.94875pt>
File: loss.png Graphic file (type png)
 <use loss.png>
Package pdftex.def Info: loss.png used on input line 280.
(pdftex.def)             Requested size: 257.09236pt x 144.54pt.
 [14pdfTeX warning (ext4): destination with the same identifier (name{figure.14
}) has been already used, duplicate ignored

\AtBegShi@Output ...ipout \box \AtBeginShipoutBox 
                                                  \fi \fi 
l.283 
       <./multiclass.png>] <architecture.png, id=242, 955.57pt x 564.1075pt>
File: architecture.png Graphic file (type png)

<use architecture.png>
Package pdftex.def Info: architecture.png used on input line 287.
(pdftex.def)             Requested size: 360.00008pt x 216.80762pt.
 [15pdfTeX warning (ext4): destination with the same identifier (name{figure.15
}) has been already used, duplicate ignored

\AtBegShi@Output ...ipout \box \AtBeginShipoutBox 
                                                  \fi \fi 
l.295 
      pdfTeX warning (ext4): destination with the same identifier (name{figure.
16}) has been already used, duplicate ignored

\AtBegShi@Output ...ipout \box \AtBeginShipoutBox 
                                                  \fi \fi 
l.295 
       <./loss.png> <./architecture.png>] [16] (./ISreport.bbl
Underfull \hbox (badness 10000) in paragraph at lines 4--5
[][]$\OT1/cmtt/m/n/10.95 https : / / www . tensorflow . org / install / install
 _ linux # common _
 []


Underfull \hbox (badness 10000) in paragraph at lines 8--9
[][]$\OT1/cmtt/m/n/10.95 http : / / developer . download . nvidia . com / compu
te / cuda / 9 . 0 /
 []


Underfull \hbox (badness 10000) in paragraph at lines 11--12
[][]$\OT1/cmtt/m/n/10.95 http : / / docs . nvidia . com / deeplearning / sdk / 
cudnn-[]install /
 []


Underfull \hbox (badness 10000) in paragraph at lines 14--15
[][]$\OT1/cmtt/m/n/10.95 https : / / www . tensorflow . org / install / install
 _ linux # the _ url _
 []

)
Package atveryend Info: Empty hook `BeforeClearDocument' on input line 315.
 [17]
Package atveryend Info: Empty hook `AfterLastShipout' on input line 315.
 (./ISreport.aux)
Package atveryend Info: Executing hook `AtVeryEndDocument' on input line 315.
Package atveryend Info: Executing hook `AtEndAfterFileList' on input line 315.
Package rerunfilecheck Info: File `ISreport.out' has not changed.
(rerunfilecheck)             Checksum: C5632D71D2A4C5ABC31D0D7E8839E822;1250.
Package atveryend Info: Empty hook `AtVeryVeryEnd' on input line 315.
 ) 
Here is how much of TeX's memory you used:
 5347 strings out of 493029
 79307 string characters out of 6136234
 162011 words of memory out of 5000000
 8757 multiletter control sequences out of 15000+600000
 9325 words of font info for 33 fonts, out of 8000000 for 9000
 1141 hyphenation exceptions out of 8191
 29i,7n,28p,994b,396s stack positions out of 5000i,500n,10000p,200000b,80000s
</usr/share/texlive/texmf-dist/fonts/type1/public/amsfonts/cm/cmbx10.pfb></us
r/share/texlive/texmf-dist/fonts/type1/public/amsfonts/cm/cmbx12.pfb></usr/shar
e/texlive/texmf-dist/fonts/type1/public/amsfonts/cm/cmr10.pfb></usr/share/texli
ve/texmf-dist/fonts/type1/public/amsfonts/cm/cmr12.pfb></usr/share/texlive/texm
f-dist/fonts/type1/public/amsfonts/cm/cmr17.pfb></usr/share/texlive/texmf-dist/
fonts/type1/public/amsfonts/cm/cmsy10.pfb></usr/share/texlive/texmf-dist/fonts/
type1/public/amsfonts/cm/cmti10.pfb></usr/share/texlive/texmf-dist/fonts/type1/
public/amsfonts/cm/cmtt10.pfb>
Output written on ISreport.pdf (17 pages, 1134591 bytes).
PDF statistics:
 319 PDF objects out of 1000 (max. 8388607)
 267 compressed objects within 3 object streams
 81 named destinations out of 1000 (max. 500000)
 217 words of extra memory for PDF output out of 10000 (max. 10000000)

